mode: set
app/internal/repository/dbrepo/dbrepo.go:12.60,16.2 1 0
app/internal/repository/dbrepo/dbrepo.go:23.47,25.2 1 0
app/internal/repository/dbrepo/postgres.go:14.64,23.16 6 1
app/internal/repository/dbrepo/postgres.go:27.2,27.18 1 1
app/internal/repository/dbrepo/postgres.go:50.2,50.21 1 1
app/internal/repository/dbrepo/postgres.go:23.16,25.3 1 0
app/internal/repository/dbrepo/postgres.go:27.18,44.17 3 1
app/internal/repository/dbrepo/postgres.go:48.3,48.36 1 1
app/internal/repository/dbrepo/postgres.go:44.17,46.4 1 0
app/internal/repository/dbrepo/postgres.go:54.67,78.16 5 1
app/internal/repository/dbrepo/postgres.go:82.2,82.12 1 1
app/internal/repository/dbrepo/postgres.go:78.16,80.3 1 0
app/internal/repository/dbrepo/postgres.go:86.67,93.16 5 1
app/internal/repository/dbrepo/postgres.go:97.2,97.23 1 1
app/internal/repository/dbrepo/postgres.go:101.2,116.16 3 1
app/internal/repository/dbrepo/postgres.go:120.2,120.12 1 1
app/internal/repository/dbrepo/postgres.go:93.16,95.3 1 0
app/internal/repository/dbrepo/postgres.go:97.23,99.3 1 1
app/internal/repository/dbrepo/postgres.go:116.16,118.3 1 0
app/internal/repository/dbrepo/postgres.go:124.53,131.16 5 1
app/internal/repository/dbrepo/postgres.go:135.2,135.16 1 1
app/internal/repository/dbrepo/postgres.go:139.2,143.16 3 1
app/internal/repository/dbrepo/postgres.go:147.2,147.12 1 1
app/internal/repository/dbrepo/postgres.go:131.16,133.3 1 0
app/internal/repository/dbrepo/postgres.go:135.16,137.3 1 1
app/internal/repository/dbrepo/postgres.go:143.16,145.3 1 0
app/internal/repository/dbrepo/postgres.go:151.71,173.16 7 1
app/internal/repository/dbrepo/postgres.go:177.2,177.20 1 1
app/internal/repository/dbrepo/postgres.go:173.16,175.3 1 1
app/internal/repository/dbrepo/postgres.go:181.73,190.16 6 1
app/internal/repository/dbrepo/postgres.go:195.2,197.48 2 1
app/internal/repository/dbrepo/postgres.go:203.2,203.12 1 1
app/internal/repository/dbrepo/postgres.go:190.16,192.3 1 1
app/internal/repository/dbrepo/postgres.go:197.48,199.3 1 1
app/internal/repository/dbrepo/postgres.go:199.8,199.23 1 1
app/internal/repository/dbrepo/postgres.go:199.23,201.3 1 0
app/internal/repository/dbrepo/postgres.go:207.50,219.16 7 1
app/internal/repository/dbrepo/postgres.go:223.2,223.16 1 1
app/internal/repository/dbrepo/postgres.go:219.16,221.3 1 0
app/internal/repository/dbrepo/test-dbrepo.go:9.60,13.2 2 0
app/internal/repository/dbrepo/test-dbrepo.go:16.63,17.34 1 0
app/internal/repository/dbrepo/test-dbrepo.go:21.2,21.12 1 0
app/internal/repository/dbrepo/test-dbrepo.go:17.34,19.3 1 0
app/internal/repository/dbrepo/test-dbrepo.go:25.63,26.20 1 0
app/internal/repository/dbrepo/test-dbrepo.go:30.2,30.12 1 0
app/internal/repository/dbrepo/test-dbrepo.go:26.20,28.3 1 0
app/internal/repository/dbrepo/test-dbrepo.go:34.49,35.13 1 0
app/internal/repository/dbrepo/test-dbrepo.go:39.2,39.12 1 0
app/internal/repository/dbrepo/test-dbrepo.go:35.13,37.3 1 0
app/internal/repository/dbrepo/test-dbrepo.go:43.67,46.13 2 0
app/internal/repository/dbrepo/test-dbrepo.go:49.2,49.20 1 0
app/internal/repository/dbrepo/test-dbrepo.go:46.13,48.3 1 0
app/internal/repository/dbrepo/test-dbrepo.go:53.69,55.2 1 0
app/internal/repository/dbrepo/test-dbrepo.go:58.46,60.2 1 0
